\BOOKMARK [0][-]{section*.4}{\376\377\000L\000i\000s\000t\000\040\000o\000f\000\040\000F\000i\000g\000u\000r\000e\000s}{}% 1
\BOOKMARK [0][-]{section*.6}{\376\377\000L\000i\000s\000t\000\040\000o\000f\000\040\000T\000a\000b\000l\000e\000s}{}% 2
\BOOKMARK [0][-]{chapter.1}{\376\377\000I\000n\000t\000r\000o\000d\000u\000c\000t\000i\000o\000n}{}% 3
\BOOKMARK [1][-]{section.1.1}{\376\377\000P\000r\000o\000b\000l\000e\000m\000\040\000a\000n\000d\000\040\000g\000o\000a\000l\000s}{chapter.1}% 4
\BOOKMARK [1][-]{section.1.2}{\376\377\000T\000h\000e\000s\000i\000s\000\040\000l\000a\000y\000o\000u\000t}{chapter.1}% 5
\BOOKMARK [0][-]{chapter.2}{\376\377\000L\000i\000t\000e\000r\000a\000t\000u\000r\000e\000\040\000r\000e\000v\000i\000e\000w}{}% 6
\BOOKMARK [1][-]{section.2.1}{\376\377\000B\000a\000c\000k\000g\000r\000o\000u\000n\000d\000\040\000i\000n\000f\000o\000r\000m\000a\000t\000i\000o\000n}{chapter.2}% 7
\BOOKMARK [2][-]{subsection.2.1.1}{\376\377\000S\000y\000s\000t\000e\000m\000\040\000t\000y\000p\000e\000s}{section.2.1}% 8
\BOOKMARK [3][-]{subsubsection.2.1.1.1}{\376\377\000M\000u\000l\000t\000i\000-\000a\000g\000e\000n\000t\000\040\000s\000y\000s\000t\000e\000m\000s}{subsection.2.1.1}% 9
\BOOKMARK [3][-]{subsubsection.2.1.1.2}{\376\377\000C\000o\000l\000l\000e\000c\000t\000i\000v\000e\000-\000a\000d\000a\000p\000t\000i\000v\000e\000\040\000s\000y\000s\000t\000e\000m\000s}{subsection.2.1.1}% 10
\BOOKMARK [3][-]{subsubsection.2.1.1.3}{\376\377\000C\000h\000a\000n\000n\000e\000l\000e\000d\000\040\000c\000o\000m\000m\000u\000n\000i\000c\000a\000t\000i\000o\000n\000\040\000s\000y\000s\000t\000e\000m\000s}{subsection.2.1.1}% 11
\BOOKMARK [2][-]{subsection.2.1.2}{\376\377\000C\000a\000c\000u\000l\000i}{section.2.1}% 12
\BOOKMARK [3][-]{subsubsection.2.1.2.1}{\376\377\000C\000a\000l\000c\000u\000l\000u\000s\000\040\000o\000f\000\040\000c\000o\000m\000m\000u\000n\000i\000c\000a\000t\000i\000n\000g\000\040\000s\000y\000s\000t\000e\000m\000s}{subsection.2.1.2}% 13
\BOOKMARK [3][-]{subsubsection.2.1.2.2}{\376\377\000P\000i\000-\000c\000a\000l\000c\000u\000l\000u\000s}{subsection.2.1.2}% 14
\BOOKMARK [2][-]{subsection.2.1.3}{\376\377\000P\000h\000y\000s\000i\000c\000a\000l\000\040\000s\000p\000a\000c\000e}{section.2.1}% 15
\BOOKMARK [1][-]{section.2.2}{\376\377\000R\000e\000l\000a\000t\000e\000d\000\040\000p\000a\000p\000e\000r\000s}{chapter.2}% 16
\BOOKMARK [2][-]{subsection.2.2.1}{\376\377\000R\000-\000C\000h\000e\000c\000k}{section.2.2}% 17
\BOOKMARK [0][-]{chapter.3}{\376\377\000T\000h\000e\000\040\000s\000y\000s\000t\000e\000m}{}% 18
\BOOKMARK [1][-]{section.3.1}{\376\377\000T\000h\000e\000\040\000s\000y\000n\000t\000a\000x}{chapter.3}% 19
\BOOKMARK [1][-]{section.3.2}{\376\377\000T\000h\000e\000\040\000s\000e\000m\000a\000n\000t\000i\000c\000s}{chapter.3}% 20
\BOOKMARK [1][-]{section.3.3}{\376\377\000L\000e\000m\000m\000a\000s}{chapter.3}% 21
\BOOKMARK [1][-]{section.3.4}{\376\377\000C\000o\000n\000t\000e\000x\000t}{chapter.3}% 22
\BOOKMARK [0][-]{chapter.4}{\376\377\000C\000o\000n\000c\000l\000u\000s\000i\000o\000n}{}% 23
\BOOKMARK [1][-]{section.4.1}{\376\377\000D\000i\000s\000c\000u\000s\000s\000i\000o\000n}{chapter.4}% 24
\BOOKMARK [1][-]{section.4.2}{\376\377\000C\000o\000n\000c\000l\000u\000s\000i\000o\000n}{chapter.4}% 25
\BOOKMARK [0][-]{section*.16}{\376\377\000B\000i\000b\000l\000i\000o\000g\000r\000a\000p\000h\000y}{}% 26
\BOOKMARK [0][-]{appendix.A}{\376\377\000A\000p\000p\000e\000n\000d\000i\000x\000\040\0001}{}% 27
\BOOKMARK [1][-]{section.A.1}{\376\377\000L\000e\000m\000m\000a\000\040\0001}{appendix.A}% 28
\BOOKMARK [1][-]{section.A.2}{\376\377\000L\000e\000m\000m\000a\000\040\0002}{appendix.A}% 29
\BOOKMARK [1][-]{section.A.3}{\376\377\000L\000e\000m\000m\000a\000\040\0003}{appendix.A}% 30
