This is pdfTeX, Version 3.141592653-2.6-1.40.26 (TeX Live 2024) (preloaded format=pdflatex 2024.4.4)  4 APR 2024 12:36
entering extended mode
 \write18 enabled.
 file:line:error style messages enabled.
 %&-line parsing enabled.
**Settings.tex
(./Settings.tex
LaTeX2e <2023-11-01> patch level 1
L3 programming layer <2024-02-20>

./Settings.tex:4: LaTeX Error: \usepackage before \documentclass.

See the LaTeX manual or LaTeX Companion for explanation.
Type  H <return>  for immediate help.
 ...                                              
                                                  
l.4 \usepackage{
                moreverb}								% List settings
? H
\usepackage may only appear in the document preamble, i.e.,
between \documentclass and \begin{document}.
? 
./Settings.tex:4: Emergency stop.
 ...                                              
                                                  
l.4 \usepackage{
                moreverb}								% List settings
End of file on the terminal!

 
Here is how much of TeX's memory you used:
 17 strings out of 474116
 529 string characters out of 5743683
 1925187 words of memory out of 5000000
 22476 multiletter control sequences out of 15000+600000
 558069 words of font info for 36 fonts, out of 8000000 for 9000
 1141 hyphenation exceptions out of 8191
 12i,0n,13p,74b,14s stack positions out of 10000i,1000n,20000p,200000b,200000s
./Settings.tex:4:  ==> Fatal error occurred, no output PDF file produced!
